<?xml version="1.0" encoding="UTF-8"?>
<!-- Generated by org.testng.reporters.JUnitXMLReporter -->
<testsuite hostname="IN-00210975" name="Default test" tests="3" failures="0" timestamp="14 May 2020 11:54:34 GMT" time="47.051" errors="0">
  <testcase name="loginPageTitleTest" time="0.022" classname="com.crm.qa.testcases.LoginPageTest"/>
  <testcase name="validateCRMImageTest" time="0.068" classname="com.crm.qa.testcases.LoginPageTest"/>
  <testcase name="loginTest" time="10.436" classname="com.crm.qa.testcases.LoginPageTest"/>
</testsuite> <!-- Default test -->
