<?xml version="1.0" encoding="UTF-8"?>
<testng-results skipped="0" failed="0" total="3" passed="3">
  <reporter-output>
  </reporter-output>
  <suite name="Default suite" duration-ms="47051" started-at="2020-05-14T11:53:47Z" finished-at="2020-05-14T11:54:34Z">
    <groups>
    </groups>
    <test name="Default test" duration-ms="47051" started-at="2020-05-14T11:53:47Z" finished-at="2020-05-14T11:54:34Z">
      <class name="com.crm.qa.testcases.LoginPageTest">
        <test-method status="PASS" signature="setUp()[pri:0, instance:com.crm.qa.testcases.LoginPageTest@1b40d5f0]" name="setUp" is-config="true" duration-ms="11986" started-at="2020-05-14T17:23:47Z" finished-at="2020-05-14T17:23:59Z">
          <reporter-output>
          </reporter-output>
        </test-method> <!-- setUp -->
        <test-method status="PASS" signature="loginPageTitleTest()[pri:1, instance:com.crm.qa.testcases.LoginPageTest@1b40d5f0]" name="loginPageTitleTest" duration-ms="22" started-at="2020-05-14T17:23:59Z" finished-at="2020-05-14T17:23:59Z">
          <reporter-output>
          </reporter-output>
        </test-method> <!-- loginPageTitleTest -->
        <test-method status="PASS" signature="tearDown()[pri:0, instance:com.crm.qa.testcases.LoginPageTest@1b40d5f0]" name="tearDown" is-config="true" duration-ms="877" started-at="2020-05-14T17:23:59Z" finished-at="2020-05-14T17:24:00Z">
          <reporter-output>
          </reporter-output>
        </test-method> <!-- tearDown -->
        <test-method status="PASS" signature="setUp()[pri:0, instance:com.crm.qa.testcases.LoginPageTest@1b40d5f0]" name="setUp" is-config="true" duration-ms="10121" started-at="2020-05-14T17:24:00Z" finished-at="2020-05-14T17:24:10Z">
          <reporter-output>
          </reporter-output>
        </test-method> <!-- setUp -->
        <test-method status="PASS" signature="validateCRMImageTest()[pri:2, instance:com.crm.qa.testcases.LoginPageTest@1b40d5f0]" name="validateCRMImageTest" duration-ms="68" started-at="2020-05-14T17:24:10Z" finished-at="2020-05-14T17:24:10Z">
          <reporter-output>
          </reporter-output>
        </test-method> <!-- validateCRMImageTest -->
        <test-method status="PASS" signature="tearDown()[pri:0, instance:com.crm.qa.testcases.LoginPageTest@1b40d5f0]" name="tearDown" is-config="true" duration-ms="795" started-at="2020-05-14T17:24:10Z" finished-at="2020-05-14T17:24:11Z">
          <reporter-output>
          </reporter-output>
        </test-method> <!-- tearDown -->
        <test-method status="PASS" signature="setUp()[pri:0, instance:com.crm.qa.testcases.LoginPageTest@1b40d5f0]" name="setUp" is-config="true" duration-ms="11751" started-at="2020-05-14T17:24:11Z" finished-at="2020-05-14T17:24:23Z">
          <reporter-output>
          </reporter-output>
        </test-method> <!-- setUp -->
        <test-method status="PASS" signature="loginTest()[pri:3, instance:com.crm.qa.testcases.LoginPageTest@1b40d5f0]" name="loginTest" duration-ms="10436" started-at="2020-05-14T17:24:23Z" finished-at="2020-05-14T17:24:33Z">
          <reporter-output>
          </reporter-output>
        </test-method> <!-- loginTest -->
        <test-method status="PASS" signature="tearDown()[pri:0, instance:com.crm.qa.testcases.LoginPageTest@1b40d5f0]" name="tearDown" is-config="true" duration-ms="980" started-at="2020-05-14T17:24:33Z" finished-at="2020-05-14T17:24:34Z">
          <reporter-output>
          </reporter-output>
        </test-method> <!-- tearDown -->
      </class> <!-- com.crm.qa.testcases.LoginPageTest -->
    </test> <!-- Default test -->
  </suite> <!-- Default suite -->
</testng-results>
